#
# A fatal error has been detected by the Java Runtime Environment:
#
#  EXCEPTION_ACCESS_VIOLATION (0xc0000005) at pc=0x00000000648d58c9, pid=5804, tid=0x00000000000001e8
#
# JRE version: Java(TM) SE Runtime Environment (8.0_161-b12) (build 1.8.0_161-b12)
# Java VM: Java HotSpot(TM) 64-Bit Server VM (25.161-b12 mixed mode windows-amd64 compressed oops)
# Problematic frame:
# V  [jvm.dll+0x1458c9]
#
# Failed to write core dump. Minidumps are not enabled by default on client versions of Windows
#
# If you would like to submit a bug report, please visit:
#   http://bugreport.java.com/bugreport/crash.jsp
#

---------------  T H R E A D  ---------------

Current thread (0x0000000017787800):  JavaThread "JavaFX Application Thread" [_thread_in_vm, id=488, stack(0x0000000018640000,0x0000000018740000)]

siginfo: ExceptionCode=0xc0000005, reading address 0x0000000000000000

Registers:
RAX=0x0000000000000000, RBX=0x0000000017787800, RCX=0x0000000000000780, RDX=0x0000000000000000
RSP=0x000000001873b690, RBP=0x00000000177879f8, RSI=0x00000000217d0350, RDI=0x0000000000000000
R8 =0x0000000000000630, R9 =0x00000000217d0000, R10=0x00007ffcfadc5e30, R11=0x0000000000000000
R12=0x0000000000000000, R13=0x0000000000000000, R14=0x00000000000001f4, R15=0x0000000017787800
RIP=0x00000000648d58c9, EFLAGS=0x0000000000010202

Top of Stack: (sp=0x000000001873b690)
0x000000001873b690:   0000000017787800 000000001777e260
0x000000001873b6a0:   000000002078ffb0 000000001873b850
0x000000001873b6b0:   0000000000000118 00007ffcedbb1cee
0x000000001873b6c0:   000000002078ffb0 00000000156676c0
0x000000001873b6d0:   00000000000003d8 0000000015667740
0x000000001873b6e0:   000000002078ffb0 0000000017787800
0x000000001873b6f0:   000000002078ffb0 0000000017787800
0x000000001873b700:   0000000000000118 0000000003188537
0x000000001873b710:   000000000000061a 0000000017787800
0x000000001873b720:   000000001873b850 000000002078ffb0
0x000000001873b730:   0000000000200020 00000000031886c7
0x000000001873b740:   000000002078ffb0 0000000000000118
0x000000001873b750:   0000000000000000 000000001873b7f0
0x000000001873b760:   0000000000000226 00000000000002bc
0x000000001873b770:   0000000000000000 0000000000000000
0x000000001873b780:   0000000000000001 000000001873b810 

Instructions: (pc=0x00000000648d58c9)
0x00000000648d58a9:   a9 00 00 00 30 74 08 48 8b cb e8 08 d5 0f 00 c7
0x00000000648d58b9:   83 70 02 00 00 06 00 00 00 80 3d 18 ac 6c 00 00
0x00000000648d58c9:   48 8b 0f b8 10 00 00 00 ba 0c 00 00 00 0f 45 c2
0x00000000648d58d9:   48 98 8b 3c 08 c7 83 70 02 00 00 07 00 00 00 83 


Register to memory mapping:

RAX=0x0000000000000000 is an unknown value
RBX=0x0000000017787800 is a thread
RCX=0x0000000000000780 is an unknown value
RDX=0x0000000000000000 is an unknown value
RSP=0x000000001873b690 is pointing into the stack for thread: 0x0000000017787800
RBP=0x00000000177879f8 is an unknown value
RSI=0x00000000217d0350 is an unknown value
RDI=0x0000000000000000 is an unknown value
R8 =0x0000000000000630 is an unknown value
R9 =0x00000000217d0000 is an unknown value
R10=0x00007ffcfadc5e30 is an unknown value
R11=0x0000000000000000 is an unknown value
R12=0x0000000000000000 is an unknown value
R13=0x0000000000000000 is an unknown value
R14=0x00000000000001f4 is an unknown value
R15=0x0000000017787800 is a thread


Stack: [0x0000000018640000,0x0000000018740000],  sp=0x000000001873b690,  free space=1005k
Native frames: (J=compiled Java code, j=interpreted, Vv=VM code, C=native code)
V  [jvm.dll+0x1458c9]
C  [dpuareu_jni.dll+0x1cee]
C  0x00000000031886c7

Java frames: (J=compiled Java code, j=interpreted, Vv=VM code)
j  com.digitalpersona.uareu.jni.Dpfj.DpfjCreateFmdFromRaw([BIIIIIILcom/digitalpersona/uareu/dpfj/FmdImpl;)I+0
j  com.digitalpersona.uareu.jni.Dpfj.create_fmd_from_raw([BIIIIILcom/digitalpersona/uareu/Fmd$Format;)Lcom/digitalpersona/uareu/Fmd;+33
j  com.digitalpersona.uareu.dpfj.EngineImpl.CreateFmd([BIIIIILcom/digitalpersona/uareu/Fmd$Format;)Lcom/digitalpersona/uareu/Fmd;+15
j  fingerprintattendance.attendance.AttendanceController.ProcessCaptureResult()V+35
j  fingerprintattendance.attendance.AttendanceController.scan_finger(Ljavafx/event/ActionEvent;)V+148
v  ~StubRoutines::call_stub
J 1836  sun.reflect.NativeMethodAccessorImpl.invoke0(Ljava/lang/reflect/Method;Ljava/lang/Object;[Ljava/lang/Object;)Ljava/lang/Object; (0 bytes) @ 0x000000000372a73f [0x000000000372a6c0+0x7f]
J 1835 C1 sun.reflect.NativeMethodAccessorImpl.invoke(Ljava/lang/Object;[Ljava/lang/Object;)Ljava/lang/Object; (104 bytes) @ 0x000000000372ca24 [0x000000000372b880+0x11a4]
J 1405 C1 sun.reflect.DelegatingMethodAccessorImpl.invoke(Ljava/lang/Object;[Ljava/lang/Object;)Ljava/lang/Object; (10 bytes) @ 0x0000000003622c84 [0x0000000003622b80+0x104]
J 1398 C1 java.lang.reflect.Method.invoke(Ljava/lang/Object;[Ljava/lang/Object;)Ljava/lang/Object; (62 bytes) @ 0x000000000362432c [0x0000000003623f40+0x3ec]
j  sun.reflect.misc.Trampoline.invoke(Ljava/lang/reflect/Method;Ljava/lang/Object;[Ljava/lang/Object;)Ljava/lang/Object;+7
j  sun.reflect.GeneratedMethodAccessor1.invoke(Ljava/lang/Object;[Ljava/lang/Object;)Ljava/lang/Object;+40
J 1405 C1 sun.reflect.DelegatingMethodAccessorImpl.invoke(Ljava/lang/Object;[Ljava/lang/Object;)Ljava/lang/Object; (10 bytes) @ 0x0000000003622c84 [0x0000000003622b80+0x104]
J 1398 C1 java.lang.reflect.Method.invoke(Ljava/lang/Object;[Ljava/lang/Object;)Ljava/lang/Object; (62 bytes) @ 0x000000000362432c [0x0000000003623f40+0x3ec]
j  sun.reflect.misc.MethodUtil.invoke(Ljava/lang/reflect/Method;Ljava/lang/Object;[Ljava/lang/Object;)Ljava/lang/Object;+20
j  javafx.fxml.FXMLLoader$MethodHandler.invoke([Ljava/lang/Object;)V+19
j  javafx.fxml.FXMLLoader$ControllerMethodEventHandler.handle(Ljavafx/event/Event;)V+12
j  com.sun.javafx.event.CompositeEventHandler.dispatchBubblingEvent(Ljavafx/event/Event;)V+51
J 2629 C1 com.sun.javafx.event.EventHandlerManager.dispatchBubblingEvent(Ljavafx/event/Event;)Ljavafx/event/Event; (23 bytes) @ 0x000000000397908c [0x00000000039789e0+0x6ac]
J 2464 C1 com.sun.javafx.event.CompositeEventDispatcher.dispatchBubblingEvent(Ljavafx/event/Event;)Ljavafx/event/Event; (35 bytes) @ 0x00000000038f301c [0x00000000038f2e60+0x1bc]
J 2299 C1 com.sun.javafx.event.BasicEventDispatcher.dispatchEvent(Ljavafx/event/Event;Ljavafx/event/EventDispatchChain;)Ljavafx/event/Event; (44 bytes) @ 0x0000000003870ffc [0x0000000003870cc0+0x33c]
J 2272 C1 com.sun.javafx.event.EventDispatchChainImpl.dispatchEvent(Ljavafx/event/Event;)Ljavafx/event/Event; (101 bytes) @ 0x00000000038693b4 [0x0000000003869200+0x1b4]
J 2299 C1 com.sun.javafx.event.BasicEventDispatcher.dispatchEvent(Ljavafx/event/Event;Ljavafx/event/EventDispatchChain;)Ljavafx/event/Event; (44 bytes) @ 0x0000000003870f14 [0x0000000003870cc0+0x254]
J 2272 C1 com.sun.javafx.event.EventDispatchChainImpl.dispatchEvent(Ljavafx/event/Event;)Ljavafx/event/Event; (101 bytes) @ 0x00000000038693b4 [0x0000000003869200+0x1b4]
J 2299 C1 com.sun.javafx.event.BasicEventDispatcher.dispatchEvent(Ljavafx/event/Event;Ljavafx/event/EventDispatchChain;)Ljavafx/event/Event; (44 bytes) @ 0x0000000003870f14 [0x0000000003870cc0+0x254]
J 2272 C1 com.sun.javafx.event.EventDispatchChainImpl.dispatchEvent(Ljavafx/event/Event;)Ljavafx/event/Event; (101 bytes) @ 0x00000000038693b4 [0x0000000003869200+0x1b4]
j  com.sun.javafx.event.EventUtil.fireEventImpl(Ljavafx/event/EventDispatchChain;Ljavafx/event/EventTarget;Ljavafx/event/Event;)Ljavafx/event/Event;+10
j  com.sun.javafx.event.EventUtil.fireEvent(Ljavafx/event/EventTarget;Ljavafx/event/Event;)Ljavafx/event/Event;+37
j  javafx.event.Event.fireEvent(Ljavafx/event/EventTarget;Ljavafx/event/Event;)V+30
j  javafx.scene.Node.fireEvent(Ljavafx/event/Event;)V+86
j  javafx.scene.control.Button.fire()V+15
j  com.sun.javafx.scene.control.behavior.ButtonBehavior.mouseReleased(Ljavafx/scene/input/MouseEvent;)V+23
j  com.sun.javafx.scene.control.skin.BehaviorSkinBase$1.handle(Ljavafx/scene/input/MouseEvent;)V+83
j  com.sun.javafx.scene.control.skin.BehaviorSkinBase$1.handle(Ljavafx/event/Event;)V+5
j  com.sun.javafx.event.CompositeEventHandler$NormalEventHandlerRecord.handleBubblingEvent(Ljavafx/event/Event;)V+5
j  com.sun.javafx.event.CompositeEventHandler.dispatchBubblingEvent(Ljavafx/event/Event;)V+28
J 2629 C1 com.sun.javafx.event.EventHandlerManager.dispatchBubblingEvent(Ljavafx/event/Event;)Ljavafx/event/Event; (23 bytes) @ 0x000000000397908c [0x00000000039789e0+0x6ac]
J 2464 C1 com.sun.javafx.event.CompositeEventDispatcher.dispatchBubblingEvent(Ljavafx/event/Event;)Ljavafx/event/Event; (35 bytes) @ 0x00000000038f301c [0x00000000038f2e60+0x1bc]
J 2299 C1 com.sun.javafx.event.BasicEventDispatcher.dispatchEvent(Ljavafx/event/Event;Ljavafx/event/EventDispatchChain;)Ljavafx/event/Event; (44 bytes) @ 0x0000000003870ffc [0x0000000003870cc0+0x33c]
J 2272 C1 com.sun.javafx.event.EventDispatchChainImpl.dispatchEvent(Ljavafx/event/Event;)Ljavafx/event/Event; (101 bytes) @ 0x00000000038693b4 [0x0000000003869200+0x1b4]
J 2299 C1 com.sun.javafx.event.BasicEventDispatcher.dispatchEvent(Ljavafx/event/Event;Ljavafx/event/EventDispatchChain;)Ljavafx/event/Event; (44 bytes) @ 0x0000000003870f14 [0x0000000003870cc0+0x254]
J 2272 C1 com.sun.javafx.event.EventDispatchChainImpl.dispatchEvent(Ljavafx/event/Event;)Ljavafx/event/Event; (101 bytes) @ 0x00000000038693b4 [0x0000000003869200+0x1b4]
J 2299 C1 com.sun.javafx.event.BasicEventDispatcher.dispatchEvent(Ljavafx/event/Event;Ljavafx/event/EventDispatchChain;)Ljavafx/event/Event; (44 bytes) @ 0x0000000003870f14 [0x0000000003870cc0+0x254]
J 2272 C1 com.sun.javafx.event.EventDispatchChainImpl.dispatchEvent(Ljavafx/event/Event;)Ljavafx/event/Event; (101 bytes) @ 0x00000000038693b4 [0x0000000003869200+0x1b4]
j  com.sun.javafx.event.EventUtil.fireEventImpl(Ljavafx/event/EventDispatchChain;Ljavafx/event/EventTarget;Ljavafx/event/Event;)Ljavafx/event/Event;+10
j  com.sun.javafx.event.EventUtil.fireEvent(Ljavafx/event/EventTarget;Ljavafx/event/Event;)Ljavafx/event/Event;+46
j  javafx.event.Event.fireEvent(Ljavafx/event/EventTarget;Ljavafx/event/Event;)V+30
j  javafx.scene.Scene$MouseHandler.process(Ljavafx/scene/input/MouseEvent;Z)V+491
j  javafx.scene.Scene$MouseHandler.access$1500(Ljavafx/scene/Scene$MouseHandler;Ljavafx/scene/input/MouseEvent;Z)V+3
j  javafx.scene.Scene.impl_processMouseEvent(Ljavafx/scene/input/MouseEvent;)V+6
j  javafx.scene.Scene$ScenePeerListener.mouseEvent(Ljavafx/event/EventType;DDDDLjavafx/scene/input/MouseButton;ZZZZZZZZZ)V+46
j  com.sun.javafx.tk.quantum.GlassViewEventHandler$MouseEventNotification.run()Ljava/lang/Void;+571
j  com.sun.javafx.tk.quantum.GlassViewEventHandler$MouseEventNotification.run()Ljava/lang/Object;+1
v  ~StubRoutines::call_stub
J 1682  java.security.AccessController.doPrivileged(Ljava/security/PrivilegedAction;Ljava/security/AccessControlContext;)Ljava/lang/Object; (0 bytes) @ 0x00000000036d3326 [0x00000000036d32c0+0x66]
j  com.sun.javafx.tk.quantum.GlassViewEventHandler.lambda$handleMouseEvent$353()Ljava/lang/Void;+11
j  com.sun.javafx.tk.quantum.GlassViewEventHandler$$Lambda$221.get()Ljava/lang/Object;+4
j  com.sun.javafx.tk.quantum.QuantumToolkit.runWithoutRenderLock(Ljava/util/function/Supplier;)Ljava/lang/Object;+18
j  com.sun.javafx.tk.quantum.GlassViewEventHandler.handleMouseEvent(Lcom/sun/glass/ui/View;JIIIIIIIZZ)V+103
j  com.sun.glass.ui.View.handleMouseEvent(JIIIIIIIZZ)V+30
j  com.sun.glass.ui.View.notifyMouse(IIIIIIIZZ)V+181
v  ~StubRoutines::call_stub
j  com.sun.glass.ui.win.WinApplication._runLoop(Ljava/lang/Runnable;)V+0
j  com.sun.glass.ui.win.WinApplication.lambda$null$147(ILjava/lang/Runnable;)V+8
j  com.sun.glass.ui.win.WinApplication$$Lambda$37.run()V+12
j  java.lang.Thread.run()V+11
v  ~StubRoutines::call_stub

---------------  P R O C E S S  ---------------

Java Threads: ( => current thread )
  0x0000000017294000 JavaThread "Java2D Disposer" daemon [_thread_blocked, id=6176, stack(0x0000000020000000,0x0000000020100000)]
  0x0000000017ad2000 JavaThread "Prism Font Disposer" daemon [_thread_blocked, id=2184, stack(0x000000001e170000,0x000000001e270000)]
  0x00000000178a9800 JavaThread "Abandoned connection cleanup thread" daemon [_thread_blocked, id=6540, stack(0x000000001a6e0000,0x000000001a7e0000)]
  0x00000000177fb000 JavaThread "Thread-3" daemon [_thread_in_native, id=7032, stack(0x000000001a4e0000,0x000000001a5e0000)]
  0x00000000177ef800 JavaThread "JavaFX-Launcher" [_thread_blocked, id=6560, stack(0x000000001a5e0000,0x000000001a6e0000)]
=>0x0000000017787800 JavaThread "JavaFX Application Thread" [_thread_in_vm, id=488, stack(0x0000000018640000,0x0000000018740000)]
  0x0000000017773800 JavaThread "Thread-1" daemon [_thread_blocked, id=7064, stack(0x0000000018540000,0x0000000018640000)]
  0x0000000017767800 JavaThread "QuantumRenderer-0" daemon [_thread_blocked, id=7088, stack(0x0000000017f60000,0x0000000018060000)]
  0x00000000156be800 JavaThread "Service Thread" daemon [_thread_blocked, id=7056, stack(0x0000000017390000,0x0000000017490000)]
  0x000000001566b000 JavaThread "C1 CompilerThread2" daemon [_thread_blocked, id=7080, stack(0x0000000016e90000,0x0000000016f90000)]
  0x0000000015662800 JavaThread "C2 CompilerThread1" daemon [_thread_blocked, id=7072, stack(0x0000000016d90000,0x0000000016e90000)]
  0x000000001565e000 JavaThread "C2 CompilerThread0" daemon [_thread_blocked, id=7052, stack(0x0000000016c90000,0x0000000016d90000)]
  0x000000001565c800 JavaThread "Attach Listener" daemon [_thread_blocked, id=5824, stack(0x0000000016b90000,0x0000000016c90000)]
  0x000000001565b800 JavaThread "Signal Dispatcher" daemon [_thread_blocked, id=7060, stack(0x0000000016a90000,0x0000000016b90000)]
  0x000000000316c000 JavaThread "Finalizer" daemon [_thread_blocked, id=7012, stack(0x00000000168b0000,0x00000000169b0000)]
  0x0000000003161000 JavaThread "Reference Handler" daemon [_thread_blocked, id=6664, stack(0x00000000167b0000,0x00000000168b0000)]
  0x0000000002f6e000 JavaThread "main" [_thread_blocked, id=2396, stack(0x0000000002f70000,0x0000000003070000)]

Other Threads:
  0x0000000015627800 VMThread [stack: 0x00000000166b0000,0x00000000167b0000] [id=6376]
  0x0000000016fbb800 WatcherThread [stack: 0x0000000017490000,0x0000000017590000] [id=7008]

VM state:not at safepoint (normal execution)

VM Mutex/Monitor currently owned by a thread: None

Heap:
 PSYoungGen      total 21504K, used 4754K [0x00000000ebc00000, 0x00000000ee000000, 0x0000000100000000)
  eden space 18944K, 11% used [0x00000000ebc00000,0x00000000ebe28eb8,0x00000000ece80000)
  from space 2560K, 99% used [0x00000000edd80000,0x00000000edffbc20,0x00000000ee000000)
  to   space 2560K, 0% used [0x00000000edb00000,0x00000000edb00000,0x00000000edd80000)
 ParOldGen       total 41472K, used 10891K [0x00000000c3400000, 0x00000000c5c80000, 0x00000000ebc00000)
  object space 41472K, 26% used [0x00000000c3400000,0x00000000c3ea2f58,0x00000000c5c80000)
 Metaspace       used 24565K, capacity 25706K, committed 25984K, reserved 1071104K
  class space    used 3383K, capacity 3629K, committed 3712K, reserved 1048576K

Card table byte_map: [0x0000000012530000,0x0000000012720000] byte_map_base: 0x0000000011f16000

Marking Bits: (ParMarkBitMap*) 0x0000000064faf860
 Begin Bits: [0x0000000012c70000, 0x0000000013ba0000)
 End Bits:   [0x0000000013ba0000, 0x0000000014ad0000)

Polling page: 0x0000000002d40000

CodeCache: size=245760Kb used=8655Kb max_used=8668Kb free=237104Kb
 bounds [0x0000000003170000, 0x00000000039f0000, 0x0000000012170000]
 total_blobs=3571 nmethods=2769 adapters=715
 compilation: enabled

Compilation events (10 events):
Event: 14.246 Thread 0x000000001566b000 nmethod 2765 0x00000000039e49d0 code [0x00000000039e4b20, 0x00000000039e4c30]
Event: 14.247 Thread 0x0000000015662800 nmethod 2766 0x00000000039e7950 code [0x00000000039e7aa0, 0x00000000039e7b78]
Event: 14.255 Thread 0x000000001566b000 2767       3       java.util.regex.Pattern::peek (26 bytes)
Event: 14.255 Thread 0x000000001566b000 nmethod 2767 0x00000000039e6c10 code [0x00000000039e6d80, 0x00000000039e7028]
Event: 14.277 Thread 0x000000001566b000 2768 %     3       com.sun.javafx.image.impl.IntTo4ByteSameConverter::doConvert @ 25 (114 bytes)
Event: 14.278 Thread 0x000000001566b000 nmethod 2768% 0x00000000039e6290 code [0x00000000039e6420, 0x00000000039e68f0]
Event: 14.279 Thread 0x000000001566b000 2769       3       com.sun.javafx.image.impl.IntTo4ByteSameConverter::doConvert (114 bytes)
Event: 14.279 Thread 0x000000001566b000 nmethod 2769 0x00000000039e5a50 code [0x00000000039e5be0, 0x00000000039e5f70]
Event: 14.280 Thread 0x000000001565e000 2770 %     4       com.sun.javafx.image.impl.IntTo4ByteSameConverter::doConvert @ 25 (114 bytes)
Event: 14.296 Thread 0x000000001565e000 nmethod 2770% 0x00000000039e5190 code [0x00000000039e52e0, 0x00000000039e5838]

GC Heap History (10 events):
Event: 1.684 GC heap before
{Heap before GC invocations=1 (full 0):
 PSYoungGen      total 18432K, used 15872K [0x00000000ebc00000, 0x00000000ed080000, 0x0000000100000000)
  eden space 15872K, 100% used [0x00000000ebc00000,0x00000000ecb80000,0x00000000ecb80000)
  from space 2560K, 0% used [0x00000000ece00000,0x00000000ece00000,0x00000000ed080000)
  to   space 2560K, 0% used [0x00000000ecb80000,0x00000000ecb80000,0x00000000ece00000)
 ParOldGen       total 42496K, used 0K [0x00000000c3400000, 0x00000000c5d80000, 0x00000000ebc00000)
  object space 42496K, 0% used [0x00000000c3400000,0x00000000c3400000,0x00000000c5d80000)
 Metaspace       used 10662K, capacity 10936K, committed 11136K, reserved 1058816K
  class space    used 1221K, capacity 1317K, committed 1408K, reserved 1048576K
Event: 1.695 GC heap after
Heap after GC invocations=1 (full 0):
 PSYoungGen      total 18432K, used 2544K [0x00000000ebc00000, 0x00000000ed080000, 0x0000000100000000)
  eden space 15872K, 0% used [0x00000000ebc00000,0x00000000ebc00000,0x00000000ecb80000)
  from space 2560K, 99% used [0x00000000ecb80000,0x00000000ecdfc070,0x00000000ece00000)
  to   space 2560K, 0% used [0x00000000ece00000,0x00000000ece00000,0x00000000ed080000)
 ParOldGen       total 42496K, used 754K [0x00000000c3400000, 0x00000000c5d80000, 0x00000000ebc00000)
  object space 42496K, 1% used [0x00000000c3400000,0x00000000c34bca90,0x00000000c5d80000)
 Metaspace       used 10662K, capacity 10936K, committed 11136K, reserved 1058816K
  class space    used 1221K, capacity 1317K, committed 1408K, reserved 1048576K
}
Event: 3.123 GC heap before
{Heap before GC invocations=2 (full 0):
 PSYoungGen      total 18432K, used 18400K [0x00000000ebc00000, 0x00000000ed080000, 0x0000000100000000)
  eden space 15872K, 99% used [0x00000000ebc00000,0x00000000ecb7bff8,0x00000000ecb80000)
  from space 2560K, 99% used [0x00000000ecb80000,0x00000000ecdfc070,0x00000000ece00000)
  to   space 2560K, 0% used [0x00000000ece00000,0x00000000ece00000,0x00000000ed080000)
 ParOldGen       total 42496K, used 754K [0x00000000c3400000, 0x00000000c5d80000, 0x00000000ebc00000)
  object space 42496K, 1% used [0x00000000c3400000,0x00000000c34bca90,0x00000000c5d80000)
 Metaspace       used 16667K, capacity 17190K, committed 17408K, reserved 1064960K
  class space    used 2139K, capacity 2275K, committed 2304K, reserved 1048576K
Event: 3.142 GC heap after
Heap after GC invocations=2 (full 0):
 PSYoungGen      total 18432K, used 2544K [0x00000000ebc00000, 0x00000000ed080000, 0x0000000100000000)
  eden space 15872K, 0% used [0x00000000ebc00000,0x00000000ebc00000,0x00000000ecb80000)
  from space 2560K, 99% used [0x00000000ece00000,0x00000000ed07c050,0x00000000ed080000)
  to   space 2560K, 0% used [0x00000000ecb80000,0x00000000ecb80000,0x00000000ece00000)
 ParOldGen       total 42496K, used 3952K [0x00000000c3400000, 0x00000000c5d80000, 0x00000000ebc00000)
  object space 42496K, 9% used [0x00000000c3400000,0x00000000c37dc370,0x00000000c5d80000)
 Metaspace       used 16667K, capacity 17190K, committed 17408K, reserved 1064960K
  class space    used 2139K, capacity 2275K, committed 2304K, reserved 1048576K
}
Event: 4.096 GC heap before
{Heap before GC invocations=3 (full 0):
 PSYoungGen      total 18432K, used 14812K [0x00000000ebc00000, 0x00000000ed080000, 0x0000000100000000)
  eden space 15872K, 77% used [0x00000000ebc00000,0x00000000ec7fb368,0x00000000ecb80000)
  from space 2560K, 99% used [0x00000000ece00000,0x00000000ed07c050,0x00000000ed080000)
  to   space 2560K, 0% used [0x00000000ecb80000,0x00000000ecb80000,0x00000000ece00000)
 ParOldGen       total 42496K, used 3952K [0x00000000c3400000, 0x00000000c5d80000, 0x00000000ebc00000)
  object space 42496K, 9% used [0x00000000c3400000,0x00000000c37dc370,0x00000000c5d80000)
 Metaspace       used 20292K, capacity 21150K, committed 21248K, reserved 1067008K
  class space    used 2840K, capacity 3037K, committed 3072K, reserved 1048576K
Event: 4.110 GC heap after
Heap after GC invocations=3 (full 0):
 PSYoungGen      total 18432K, used 2544K [0x00000000ebc00000, 0x00000000ee000000, 0x0000000100000000)
  eden space 15872K, 0% used [0x00000000ebc00000,0x00000000ebc00000,0x00000000ecb80000)
  from space 2560K, 99% used [0x00000000ecb80000,0x00000000ecdfc020,0x00000000ece00000)
  to   space 2560K, 0% used [0x00000000edd80000,0x00000000edd80000,0x00000000ee000000)
 ParOldGen       total 42496K, used 6851K [0x00000000c3400000, 0x00000000c5d80000, 0x00000000ebc00000)
  object space 42496K, 16% used [0x00000000c3400000,0x00000000c3ab0f98,0x00000000c5d80000)
 Metaspace       used 20292K, capacity 21150K, committed 21248K, reserved 1067008K
  class space    used 2840K, capacity 3037K, committed 3072K, reserved 1048576K
}
Event: 4.110 GC heap before
{Heap before GC invocations=4 (full 1):
 PSYoungGen      total 18432K, used 2544K [0x00000000ebc00000, 0x00000000ee000000, 0x0000000100000000)
  eden space 15872K, 0% used [0x00000000ebc00000,0x00000000ebc00000,0x00000000ecb80000)
  from space 2560K, 99% used [0x00000000ecb80000,0x00000000ecdfc020,0x00000000ece00000)
  to   space 2560K, 0% used [0x00000000edd80000,0x00000000edd80000,0x00000000ee000000)
 ParOldGen       total 42496K, used 6851K [0x00000000c3400000, 0x00000000c5d80000, 0x00000000ebc00000)
  object space 42496K, 16% used [0x00000000c3400000,0x00000000c3ab0f98,0x00000000c5d80000)
 Metaspace       used 20292K, capacity 21150K, committed 21248K, reserved 1067008K
  class space    used 2840K, capacity 3037K, committed 3072K, reserved 1048576K
Event: 4.279 GC heap after
Heap after GC invocations=4 (full 1):
 PSYoungGen      total 18432K, used 0K [0x00000000ebc00000, 0x00000000ee000000, 0x0000000100000000)
  eden space 15872K, 0% used [0x00000000ebc00000,0x00000000ebc00000,0x00000000ecb80000)
  from space 2560K, 0% used [0x00000000ecb80000,0x00000000ecb80000,0x00000000ece00000)
  to   space 2560K, 0% used [0x00000000edd80000,0x00000000edd80000,0x00000000ee000000)
 ParOldGen       total 41472K, used 8639K [0x00000000c3400000, 0x00000000c5c80000, 0x00000000ebc00000)
  object space 41472K, 20% used [0x00000000c3400000,0x00000000c3c6fdf8,0x00000000c5c80000)
 Metaspace       used 20292K, capacity 21150K, committed 21248K, reserved 1067008K
  class space    used 2840K, capacity 3037K, committed 3072K, reserved 1048576K
}
Event: 14.160 GC heap before
{Heap before GC invocations=5 (full 1):
 PSYoungGen      total 18432K, used 15798K [0x00000000ebc00000, 0x00000000ee000000, 0x0000000100000000)
  eden space 15872K, 99% used [0x00000000ebc00000,0x00000000ecb6d868,0x00000000ecb80000)
  from space 2560K, 0% used [0x00000000ecb80000,0x00000000ecb80000,0x00000000ece00000)
  to   space 2560K, 0% used [0x00000000edd80000,0x00000000edd80000,0x00000000ee000000)
 ParOldGen       total 41472K, used 8639K [0x00000000c3400000, 0x00000000c5c80000, 0x00000000ebc00000)
  object space 41472K, 20% used [0x00000000c3400000,0x00000000c3c6fdf8,0x00000000c5c80000)
 Metaspace       used 23278K, capacity 24450K, committed 24832K, reserved 1071104K
  class space    used 3239K, capacity 3467K, committed 3584K, reserved 1048576K
Event: 14.171 GC heap after
Heap after GC invocations=5 (full 1):
 PSYoungGen      total 21504K, used 2543K [0x00000000ebc00000, 0x00000000ee000000, 0x0000000100000000)
  eden space 18944K, 0% used [0x00000000ebc00000,0x00000000ebc00000,0x00000000ece80000)
  from space 2560K, 99% used [0x00000000edd80000,0x00000000edffbc20,0x00000000ee000000)
  to   space 2560K, 0% used [0x00000000edb00000,0x00000000edb00000,0x00000000edd80000)
 ParOldGen       total 41472K, used 10891K [0x00000000c3400000, 0x00000000c5c80000, 0x00000000ebc00000)
  object space 41472K, 26% used [0x00000000c3400000,0x00000000c3ea2f58,0x00000000c5c80000)
 Metaspace       used 23278K, capacity 24450K, committed 24832K, reserved 1071104K
  class space    used 3239K, capacity 3467K, committed 3584K, reserved 1048576K
}

Deoptimization events (10 events):
Event: 7.128 Thread 0x0000000017787800 Uncommon trap: reason=array_check action=maybe_recompile pc=0x00000000037c668c method=com.sun.javafx.css.SimpleSelector.applies(Ljavafx/css/Styleable;[Ljava/util/Set;I)Z @ 37
Event: 7.128 Thread 0x0000000017787800 Uncommon trap: reason=array_check action=maybe_recompile pc=0x00000000037c668c method=com.sun.javafx.css.SimpleSelector.applies(Ljavafx/css/Styleable;[Ljava/util/Set;I)Z @ 37
Event: 7.128 Thread 0x0000000017787800 Uncommon trap: reason=array_check action=maybe_recompile pc=0x00000000037c668c method=com.sun.javafx.css.SimpleSelector.applies(Ljavafx/css/Styleable;[Ljava/util/Set;I)Z @ 37
Event: 7.129 Thread 0x0000000017787800 Uncommon trap: reason=array_check action=maybe_recompile pc=0x00000000037c668c method=com.sun.javafx.css.SimpleSelector.applies(Ljavafx/css/Styleable;[Ljava/util/Set;I)Z @ 37
Event: 7.205 Thread 0x0000000017787800 Uncommon trap: reason=unstable_if action=reinterpret pc=0x00000000037d84a4 method=javafx.scene.CssStyleHelper.lookup(Ljavafx/css/Styleable;Ljavafx/css/CssMetaData;Lcom/sun/javafx/css/StyleMap;Ljava/util/Set;Ljavafx/css/Styleable;Lcom/sun/javafx/css/Calcul
Event: 7.208 Thread 0x0000000017787800 Uncommon trap: reason=class_check action=maybe_recompile pc=0x000000000361f608 method=com.sun.javafx.css.StyleMap.isEmpty()Z @ 11
Event: 8.659 Thread 0x0000000017787800 Uncommon trap: reason=unstable_if action=reinterpret pc=0x00000000037f4020 method=com.sun.javafx.css.StyleManager$CacheContainer.getStyleMap(I)Lcom/sun/javafx/css/StyleMap; @ 22
Event: 8.660 Thread 0x0000000017787800 Uncommon trap: reason=unstable_if action=reinterpret pc=0x00000000037d6080 method=com.sun.javafx.css.StyleManager$CacheContainer.getStyleMap(I)Lcom/sun/javafx/css/StyleMap; @ 22
Event: 8.754 Thread 0x0000000017787800 Uncommon trap: reason=unstable_if action=reinterpret pc=0x00000000036e08a4 method=com.sun.javafx.css.BitSet.addAll(Ljava/util/Collection;)Z @ 1
Event: 8.913 Thread 0x0000000017767800 Uncommon trap: reason=unstable_if action=reinterpret pc=0x00000000038622c4 method=com.sun.javafx.geom.RectBounds.isEmpty()Z @ 21

Classes redefined (0 events):
No events

Internal exceptions (10 events):
Event: 2.458 Thread 0x0000000017787800 Exception <a 'java/lang/ArrayIndexOutOfBoundsException'> (0x00000000ec4e4268) thrown at [C:\re\workspace\8-2-build-windows-amd64-cygwin\jdk8u161\10277\hotspot\src\share\vm\runtime\sharedRuntime.cpp, line 605]
Event: 2.459 Thread 0x0000000017787800 Exception <a 'java/lang/ArrayIndexOutOfBoundsException'> (0x00000000ec4e5610) thrown at [C:\re\workspace\8-2-build-windows-amd64-cygwin\jdk8u161\10277\hotspot\src\share\vm\runtime\sharedRuntime.cpp, line 605]
Event: 2.645 Thread 0x0000000017787800 Exception <a 'java/io/FileNotFoundException'> (0x00000000ec615f28) thrown at [C:\re\workspace\8-2-build-windows-amd64-cygwin\jdk8u161\10277\hotspot\src\share\vm\prims\jni.cpp, line 709]
Event: 2.695 Thread 0x0000000017787800 Exception <a 'java/lang/ArrayIndexOutOfBoundsException'> (0x00000000ec6d3630) thrown at [C:\re\workspace\8-2-build-windows-amd64-cygwin\jdk8u161\10277\hotspot\src\share\vm\runtime\sharedRuntime.cpp, line 605]
Event: 2.696 Thread 0x0000000017787800 Exception <a 'java/lang/ArrayIndexOutOfBoundsException'> (0x00000000ec6d4a40) thrown at [C:\re\workspace\8-2-build-windows-amd64-cygwin\jdk8u161\10277\hotspot\src\share\vm\runtime\sharedRuntime.cpp, line 605]
Event: 2.915 Thread 0x0000000017787800 Implicit null exception at 0x00000000034d85b5 to 0x00000000034d87c5
Event: 2.915 Thread 0x0000000017787800 Implicit null exception at 0x00000000034b235b to 0x00000000034b2c9d
Event: 8.753 Thread 0x0000000017787800 Implicit null exception at 0x00000000036e032f to 0x00000000036e0891
Event: 14.154 Thread 0x0000000017291800 Exception <a 'java/io/FileNotFoundException'> (0x00000000ecae72f8) thrown at [C:\re\workspace\8-2-build-windows-amd64-cygwin\jdk8u161\10277\hotspot\src\share\vm\prims\jni.cpp, line 709]
Event: 14.213 Thread 0x0000000017291800 Exception <a 'java/io/FileNotFoundException'> (0x00000000ebc94780) thrown at [C:\re\workspace\8-2-build-windows-amd64-cygwin\jdk8u161\10277\hotspot\src\share\vm\prims\jni.cpp, line 709]

Events (10 events):
Event: 14.265 loading class com/sun/javafx/image/impl/IntTo4ByteSameConverter done
Event: 14.265 loading class com/sun/javafx/image/impl/BaseIntToByteConverter
Event: 14.265 loading class com/sun/javafx/image/impl/BaseIntToByteConverter done
Event: 14.282 loading class javafx/concurrent/Task$TaskCallable
Event: 14.282 loading class javafx/concurrent/Task$TaskCallable done
Event: 14.283 Executing VM operation: RevokeBias
Event: 14.283 Executing VM operation: RevokeBias done
Event: 14.283 Thread 0x0000000017291800 Thread exited: 0x0000000017291800
Event: 14.283 loading class com/digitalpersona/uareu/dpfj/EngineImpl
Event: 14.283 loading class com/digitalpersona/uareu/dpfj/EngineImpl done


Dynamic libraries:
0x00007ff7b8550000 - 0x00007ff7b8587000 	C:\Program Files\Java\jdk1.8.0_161\jre\bin\java.exe
0x00007ffcfacc0000 - 0x00007ffcfae82000 	C:\WINDOWS\SYSTEM32\ntdll.dll
0x00007ffcfa4c0000 - 0x00007ffcfa56d000 	C:\WINDOWS\system32\KERNEL32.DLL
0x00007ffcf80b0000 - 0x00007ffcf828d000 	C:\WINDOWS\system32\KERNELBASE.dll
0x00007ffcfa280000 - 0x00007ffcfa326000 	C:\WINDOWS\system32\ADVAPI32.dll
0x00007ffcf9ea0000 - 0x00007ffcf9f3d000 	C:\WINDOWS\system32\msvcrt.dll
0x00007ffcfa220000 - 0x00007ffcfa27b000 	C:\WINDOWS\system32\sechost.dll
0x00007ffcfa570000 - 0x00007ffcfa696000 	C:\WINDOWS\system32\RPCRT4.dll
0x00007ffcfa0d0000 - 0x00007ffcfa21e000 	C:\WINDOWS\system32\USER32.dll
0x00007ffcfa700000 - 0x00007ffcfa885000 	C:\WINDOWS\system32\GDI32.dll
0x00007ffce9b00000 - 0x00007ffce9d74000 	C:\WINDOWS\WinSxS\amd64_microsoft.windows.common-controls_6595b64144ccf1df_6.0.10240.16384_none_f41f7b285750ef43\COMCTL32.dll
0x00007ffcfac20000 - 0x00007ffcfac56000 	C:\WINDOWS\system32\IMM32.DLL
0x00007ffcf9f60000 - 0x00007ffcfa0bc000 	C:\WINDOWS\system32\MSCTF.dll
0x00000000646b0000 - 0x0000000064782000 	C:\Program Files\Java\jdk1.8.0_161\jre\bin\msvcr100.dll
0x0000000064790000 - 0x000000006502f000 	C:\Program Files\Java\jdk1.8.0_161\jre\bin\server\jvm.dll
0x00007ffcfa0c0000 - 0x00007ffcfa0c8000 	C:\WINDOWS\system32\PSAPI.DLL
0x00007ffce9190000 - 0x00007ffce9199000 	C:\WINDOWS\SYSTEM32\WSOCK32.dll
0x00007ffcf9e30000 - 0x00007ffcf9e99000 	C:\WINDOWS\system32\WS2_32.dll
0x00007ffcfa890000 - 0x00007ffcfa898000 	C:\WINDOWS\system32\NSI.dll
0x00007ffcf37f0000 - 0x00007ffcf3813000 	C:\WINDOWS\SYSTEM32\WINMM.dll
0x00007ffcf36c0000 - 0x00007ffcf36ca000 	C:\WINDOWS\SYSTEM32\VERSION.dll
0x00007ffcf37c0000 - 0x00007ffcf37ec000 	C:\WINDOWS\SYSTEM32\WINMMBASE.dll
0x00007ffcf8340000 - 0x00007ffcf8384000 	C:\WINDOWS\system32\cfgmgr32.dll
0x00007ffcf5870000 - 0x00007ffcf5897000 	C:\WINDOWS\SYSTEM32\DEVOBJ.dll
0x0000000064660000 - 0x000000006466f000 	C:\Program Files\Java\jdk1.8.0_161\jre\bin\verify.dll
0x0000000064630000 - 0x0000000064659000 	C:\Program Files\Java\jdk1.8.0_161\jre\bin\java.dll
0x0000000064610000 - 0x0000000064626000 	C:\Program Files\Java\jdk1.8.0_161\jre\bin\zip.dll
0x00007ffcf8900000 - 0x00007ffcf9e25000 	C:\WINDOWS\system32\SHELL32.dll
0x00007ffcf7790000 - 0x00007ffcf7db8000 	C:\WINDOWS\system32\windows.storage.dll
0x00007ffcf8610000 - 0x00007ffcf888c000 	C:\WINDOWS\system32\combase.dll
0x00007ffcfa6a0000 - 0x00007ffcfa6f1000 	C:\WINDOWS\system32\shlwapi.dll
0x00007ffcf7710000 - 0x00007ffcf771f000 	C:\WINDOWS\system32\kernel.appcore.dll
0x00007ffcf7dc0000 - 0x00007ffcf7e73000 	C:\WINDOWS\system32\shcore.dll
0x00007ffcf7740000 - 0x00007ffcf778a000 	C:\WINDOWS\system32\powrprof.dll
0x00007ffcf76f0000 - 0x00007ffcf7703000 	C:\WINDOWS\system32\profapi.dll
0x0000000002eb0000 - 0x0000000002eb3000 	C:\Program Files\Java\jdk1.8.0_161\jre\bin\api-ms-win-core-console-l1-1-0.dll
0x0000000002ec0000 - 0x0000000002ec3000 	C:\Program Files\Java\jdk1.8.0_161\jre\bin\api-ms-win-core-datetime-l1-1-0.dll
0x0000000002ed0000 - 0x0000000002ed3000 	C:\Program Files\Java\jdk1.8.0_161\jre\bin\api-ms-win-core-debug-l1-1-0.dll
0x0000000002ee0000 - 0x0000000002ee3000 	C:\Program Files\Java\jdk1.8.0_161\jre\bin\api-ms-win-core-errorhandling-l1-1-0.dll
0x0000000002ef0000 - 0x0000000002ef4000 	C:\Program Files\Java\jdk1.8.0_161\jre\bin\api-ms-win-core-file-l1-1-0.dll
0x0000000002f00000 - 0x0000000002f03000 	C:\Program Files\Java\jdk1.8.0_161\jre\bin\api-ms-win-core-file-l1-2-0.dll
0x0000000002f10000 - 0x0000000002f13000 	C:\Program Files\Java\jdk1.8.0_161\jre\bin\api-ms-win-core-file-l2-1-0.dll
0x0000000002f20000 - 0x0000000002f23000 	C:\Program Files\Java\jdk1.8.0_161\jre\bin\api-ms-win-core-handle-l1-1-0.dll
0x0000000002f30000 - 0x0000000002f33000 	C:\Program Files\Java\jdk1.8.0_161\jre\bin\api-ms-win-core-heap-l1-1-0.dll
0x0000000002f40000 - 0x0000000002f43000 	C:\Program Files\Java\jdk1.8.0_161\jre\bin\api-ms-win-core-interlocked-l1-1-0.dll
0x0000000002f50000 - 0x0000000002f53000 	C:\Program Files\Java\jdk1.8.0_161\jre\bin\api-ms-win-core-libraryloader-l1-1-0.dll
0x0000000017590000 - 0x0000000017593000 	C:\Program Files\Java\jdk1.8.0_161\jre\bin\api-ms-win-core-localization-l1-2-0.dll
0x00000000175a0000 - 0x00000000175a3000 	C:\Program Files\Java\jdk1.8.0_161\jre\bin\api-ms-win-core-memory-l1-1-0.dll
0x00000000175b0000 - 0x00000000175b3000 	C:\Program Files\Java\jdk1.8.0_161\jre\bin\api-ms-win-core-namedpipe-l1-1-0.dll
0x00000000175c0000 - 0x00000000175c3000 	C:\Program Files\Java\jdk1.8.0_161\jre\bin\api-ms-win-core-processenvironment-l1-1-0.dll
0x00000000175d0000 - 0x00000000175d3000 	C:\Program Files\Java\jdk1.8.0_161\jre\bin\api-ms-win-core-processthreads-l1-1-0.dll
0x00000000175e0000 - 0x00000000175e3000 	C:\Program Files\Java\jdk1.8.0_161\jre\bin\api-ms-win-core-processthreads-l1-1-1.dll
0x00000000175f0000 - 0x00000000175f3000 	C:\Program Files\Java\jdk1.8.0_161\jre\bin\api-ms-win-core-profile-l1-1-0.dll
0x0000000017600000 - 0x0000000017603000 	C:\Program Files\Java\jdk1.8.0_161\jre\bin\api-ms-win-core-rtlsupport-l1-1-0.dll
0x0000000017610000 - 0x0000000017613000 	C:\Program Files\Java\jdk1.8.0_161\jre\bin\api-ms-win-core-string-l1-1-0.dll
0x0000000017620000 - 0x0000000017623000 	C:\Program Files\Java\jdk1.8.0_161\jre\bin\api-ms-win-core-synch-l1-1-0.dll
0x0000000017630000 - 0x0000000017633000 	C:\Program Files\Java\jdk1.8.0_161\jre\bin\api-ms-win-core-synch-l1-2-0.dll
0x0000000017640000 - 0x0000000017643000 	C:\Program Files\Java\jdk1.8.0_161\jre\bin\api-ms-win-core-sysinfo-l1-1-0.dll
0x0000000017650000 - 0x0000000017653000 	C:\Program Files\Java\jdk1.8.0_161\jre\bin\api-ms-win-core-timezone-l1-1-0.dll
0x0000000017660000 - 0x0000000017663000 	C:\Program Files\Java\jdk1.8.0_161\jre\bin\api-ms-win-core-util-l1-1-0.dll
0x0000000017670000 - 0x0000000017673000 	C:\Program Files\Java\jdk1.8.0_161\jre\bin\api-ms-win-crt-conio-l1-1-0.dll
0x0000000017680000 - 0x0000000017684000 	C:\Program Files\Java\jdk1.8.0_161\jre\bin\api-ms-win-crt-convert-l1-1-0.dll
0x0000000017690000 - 0x0000000017693000 	C:\Program Files\Java\jdk1.8.0_161\jre\bin\api-ms-win-crt-environment-l1-1-0.dll
0x00000000176a0000 - 0x00000000176a3000 	C:\Program Files\Java\jdk1.8.0_161\jre\bin\api-ms-win-crt-filesystem-l1-1-0.dll
0x00000000176b0000 - 0x00000000176b3000 	C:\Program Files\Java\jdk1.8.0_161\jre\bin\api-ms-win-crt-heap-l1-1-0.dll
0x00000000176c0000 - 0x00000000176c3000 	C:\Program Files\Java\jdk1.8.0_161\jre\bin\api-ms-win-crt-locale-l1-1-0.dll
0x00000000176d0000 - 0x00000000176d5000 	C:\Program Files\Java\jdk1.8.0_161\jre\bin\api-ms-win-crt-math-l1-1-0.dll
0x00000000176e0000 - 0x00000000176e5000 	C:\Program Files\Java\jdk1.8.0_161\jre\bin\api-ms-win-crt-multibyte-l1-1-0.dll
0x00000000176f0000 - 0x0000000017700000 	C:\Program Files\Java\jdk1.8.0_161\jre\bin\api-ms-win-crt-private-l1-1-0.dll
0x0000000017700000 - 0x0000000017703000 	C:\Program Files\Java\jdk1.8.0_161\jre\bin\api-ms-win-crt-process-l1-1-0.dll
0x0000000017710000 - 0x0000000017714000 	C:\Program Files\Java\jdk1.8.0_161\jre\bin\api-ms-win-crt-runtime-l1-1-0.dll
0x0000000017720000 - 0x0000000017724000 	C:\Program Files\Java\jdk1.8.0_161\jre\bin\api-ms-win-crt-stdio-l1-1-0.dll
0x0000000017730000 - 0x0000000017734000 	C:\Program Files\Java\jdk1.8.0_161\jre\bin\api-ms-win-crt-string-l1-1-0.dll
0x0000000017740000 - 0x0000000017743000 	C:\Program Files\Java\jdk1.8.0_161\jre\bin\api-ms-win-crt-time-l1-1-0.dll
0x0000000017750000 - 0x0000000017753000 	C:\Program Files\Java\jdk1.8.0_161\jre\bin\api-ms-win-crt-utility-l1-1-0.dll
0x00007ffce0c90000 - 0x00007ffce0d86000 	C:\Program Files\Java\jdk1.8.0_161\jre\bin\ucrtbase.dll
0x00007ffce0c30000 - 0x00007ffce0c81000 	C:\Program Files\Java\jdk1.8.0_161\jre\bin\concrt140.dll
0x00007ffce9e90000 - 0x00007ffce9ea6000 	C:\Program Files\Java\jdk1.8.0_161\jre\bin\VCRUNTIME140.dll
0x00007ffcdbde0000 - 0x00007ffcdbe7c000 	C:\Program Files\Java\jdk1.8.0_161\jre\bin\MSVCP140.dll
0x00007ffcece50000 - 0x00007ffcecf42000 	C:\WINDOWS\SYSTEM32\ucrtbase.dll
0x0000000063e80000 - 0x0000000063ea3000 	C:\Program Files\Java\jdk1.8.0_161\jre\bin\prism_d3d.dll
0x00007ffcdb8e0000 - 0x00007ffcdbaf0000 	C:\WINDOWS\system32\d3d9.dll
0x00007ffcf50d0000 - 0x00007ffcf50f2000 	C:\WINDOWS\SYSTEM32\dwmapi.dll
0x00007ffcf6170000 - 0x00007ffcf6206000 	C:\WINDOWS\system32\uxtheme.dll
0x0000000180000000 - 0x0000000180806000 	C:\WINDOWS\SYSTEM32\igdumd64.dll
0x0000000063e30000 - 0x0000000063e79000 	C:\Program Files\Java\jdk1.8.0_161\jre\bin\glass.dll
0x00007ffcfa3e0000 - 0x00007ffcfa4b8000 	C:\WINDOWS\system32\COMDLG32.dll
0x00007ffcf84c0000 - 0x00007ffcf8601000 	C:\WINDOWS\system32\ole32.dll
0x00007ffcf8390000 - 0x00007ffcf844e000 	C:\WINDOWS\system32\OLEAUT32.dll
0x00007ffcf7540000 - 0x00007ffcf75ab000 	C:\WINDOWS\SYSTEM32\bcryptPrimitives.dll
0x00000000645f0000 - 0x000000006460a000 	C:\Program Files\Java\jdk1.8.0_161\jre\bin\net.dll
0x00007ffcf6f00000 - 0x00007ffcf6f5d000 	C:\WINDOWS\system32\mswsock.dll
0x00007ffcf6ca0000 - 0x00007ffcf6d48000 	C:\WINDOWS\SYSTEM32\DNSAPI.dll
0x0000000065370000 - 0x0000000065396000 	C:\Program Files\Bonjour\mdnsNSP.dll
0x00007ffcf3130000 - 0x00007ffcf3168000 	C:\WINDOWS\SYSTEM32\Iphlpapi.DLL
0x00007ffcf31c0000 - 0x00007ffcf31cb000 	C:\WINDOWS\SYSTEM32\WINNSI.DLL
0x00007ffcf13e0000 - 0x00007ffcf13ea000 	C:\Windows\System32\rasadhlp.dll
0x00007ffcf1f10000 - 0x00007ffcf1f78000 	C:\WINDOWS\System32\fwpuclnt.dll
0x00007ffcf7310000 - 0x00007ffcf7338000 	C:\WINDOWS\SYSTEM32\bcrypt.dll
0x0000000060d90000 - 0x0000000060da4000 	C:\Program Files\Java\jdk1.8.0_161\jre\bin\javafx_font.dll
0x00007ffceaff0000 - 0x00007ffceb249000 	C:\WINDOWS\SYSTEM32\dwrite.dll
0x00007ffcedbb0000 - 0x00007ffcedbd6000 	C:\Windows\System32\dpuareu_jni.dll
0x00007ffcedb30000 - 0x00007ffcedba4000 	C:\WINDOWS\SYSTEM32\dpfj.dll
0x00007ffcddba0000 - 0x00007ffcddbcb000 	C:\WINDOWS\SYSTEM32\dpfpdd.dll
0x00007ffcf36d0000 - 0x00007ffcf3760000 	C:\WINDOWS\SYSTEM32\DPFPApi.DLL
0x00007ffcf7ee0000 - 0x00007ffcf80a1000 	C:\WINDOWS\system32\CRYPT32.dll
0x00007ffcf7720000 - 0x00007ffcf7731000 	C:\WINDOWS\system32\MSASN1.dll
0x00007ffcf6d90000 - 0x00007ffcf6daf000 	C:\WINDOWS\SYSTEM32\USERENV.dll
0x00007ffcf2280000 - 0x00007ffcf22cc000 	C:\WINDOWS\system32\DPCLBACK.dll
0x00007ffcf5570000 - 0x00007ffcf5587000 	C:\WINDOWS\SYSTEM32\NETAPI32.dll
0x00007ffcf5550000 - 0x00007ffcf5566000 	C:\WINDOWS\SYSTEM32\wkscli.dll
0x00007ffcf6940000 - 0x00007ffcf6966000 	C:\WINDOWS\SYSTEM32\srvcli.dll
0x00007ffcf6970000 - 0x00007ffcf697c000 	C:\WINDOWS\SYSTEM32\netutils.dll
0x00007ffcf6a30000 - 0x00007ffcf6a62000 	C:\WINDOWS\SYSTEM32\ntmarta.dll
0x00007ffcf6f60000 - 0x00007ffcf6f77000 	C:\WINDOWS\SYSTEM32\CRYPTSP.dll
0x00007ffcf6bb0000 - 0x00007ffcf6be3000 	C:\WINDOWS\system32\rsaenh.dll
0x00007ffcf70d0000 - 0x00007ffcf70db000 	C:\WINDOWS\SYSTEM32\CRYPTBASE.dll
0x00007ffcfa330000 - 0x00007ffcfa3d5000 	C:\WINDOWS\system32\clbcatq.dll
0x00007ffcefe00000 - 0x00007ffceffb2000 	C:\WINDOWS\SYSTEM32\WindowsCodecs.dll
0x00007ffce6690000 - 0x00007ffce66d6000 	C:\WINDOWS\system32\dataexchange.dll
0x00007ffcf3b20000 - 0x00007ffcf3dc3000 	C:\WINDOWS\system32\d3d11.dll
0x00007ffcf5d50000 - 0x00007ffcf5e21000 	C:\WINDOWS\system32\dcomp.dll
0x00007ffcee050000 - 0x00007ffcee595000 	C:\WINDOWS\system32\d2d1.dll
0x00007ffcf3a80000 - 0x00007ffcf3b1c000 	C:\WINDOWS\system32\dxgi.dll
0x00007ffcf58a0000 - 0x00007ffcf598e000 	C:\WINDOWS\system32\twinapi.appcore.dll
0x00007ffcddb60000 - 0x00007ffcddb94000 	C:\Program Files\Common Files\Microsoft Shared\Ink\rtscom.dll
0x0000000060c70000 - 0x0000000060c82000 	C:\Program Files\Java\jdk1.8.0_161\jre\bin\prism_common.dll
0x0000000064430000 - 0x00000000645c8000 	C:\Program Files\Java\jdk1.8.0_161\jre\bin\awt.dll

VM Arguments:
jvm_args: -Dfile.encoding=UTF-8 
java_command: C:\Users\hp\NetBeansProjects\FingerprintAttendance\dist\run1483941537\FingerprintAttendance.jar
java_class_path (initial): C:\Users\hp\NetBeansProjects\FingerprintAttendance\dist\run1483941537\FingerprintAttendance.jar
Launcher Type: SUN_STANDARD

Environment Variables:
JAVA_HOME=C:\Program Files\AdoptOpenJDK\jdk-11.0.10.9-hotspot\
PATH=C:\Program Files\AdoptOpenJDK\jdk-11.0.10.9-hotspot\bin;C:\Program Files (x86)\Common Files\Oracle\Java\javapath;C:\WINDOWS\system32;C:\WINDOWS;C:\WINDOWS\System32\Wbem;C:\WINDOWS\System32\WindowsPowerShell\v1.0\;C:\Program Files\Microsoft SQL Server\110\Tools\Binn\;C:\Program Files\nodejs\;C:\Program Files\Git\cmd;;C:\Program Files\JetBrains\IntelliJ IDEA 2019.3.1\bin;;C:\Program Files\Heroku\bin;C:\Users\hp\AppData\Roaming\npm;;C:\Users\hp\AppData\Local\Programs\Microsoft VS Code\bin
USERNAME=hp
OS=Windows_NT
PROCESSOR_IDENTIFIER=Intel64 Family 6 Model 37 Stepping 5, GenuineIntel



---------------  S Y S T E M  ---------------

OS: Windows 10.0 , 64 bit Build 10240 (10.0.10240.16384)

CPU:total 4 (initial active 4) (2 cores per cpu, 2 threads per core) family 6 model 37 stepping 5, cmov, cx8, fxsr, mmx, sse, sse2, sse3, ssse3, sse4.1, sse4.2, popcnt, aes, clmul, ht, tsc, tscinvbit

Memory: 4k page, physical 3980724k(734008k free), swap 9485748k(3418208k free)

vm_info: Java HotSpot(TM) 64-Bit Server VM (25.161-b12) for windows-amd64 JRE (1.8.0_161-b12), built on Dec 19 2017 17:52:25 by "java_re" with MS VC++ 10.0 (VS2010)

time: Sun Apr 11 01:50:40 2021
elapsed time: 14 seconds (0d 0h 0m 14s)

